Using pre-set license
Built from '2020.3/staging' branch; Version is '2020.3.20f1 (41c4e627c95f) revision 4310246'; Using compiler version '192528614'; Build Type 'Release'
OS: 'Windows 10 Home Single Language; OS build 19043.1466; Version 2009; 64bit' Language: 'es' Physical Memory: 6003 MB
BatchMode: 1, IsHumanControllingUs: 0, StartBugReporterOnCrash: 0, Is64bit: 1, IsPro: 0

COMMAND LINE ARGUMENTS:
C:\Program Files\Unity\Hub\Editor\2020.3.20f1\Editor\Unity.exe
-adb2
-batchMode
-noUpm
-name
AssetImportWorker1
-projectPath
C:/Users/Leons/Desktop/Equilibrium
-logFile
Logs/AssetImportWorker1.log
-srvPort
54083
Successfully changed project path to: C:/Users/Leons/Desktop/Equilibrium
C:/Users/Leons/Desktop/Equilibrium
Using Asset Import Pipeline V2.
Refreshing native plugins compatible for Editor in 74.40 ms, found 2 plugins.
Preloading 0 native plugins for Editor in 0.00 ms.
Initialize engine version: 2020.3.20f1 (41c4e627c95f)
[Subsystems] Discovering subsystems at path C:/Program Files/Unity/Hub/Editor/2020.3.20f1/Editor/Data/Resources/UnitySubsystems
[Subsystems] Discovering subsystems at path C:/Users/Leons/Desktop/Equilibrium/Assets
GfxDevice: creating device client; threaded=0
Direct3D:
    Version:  Direct3D 11.0 [level 11.1]
    Renderer: Intel(R) HD Graphics 520 (ID=0x1916)
    Vendor:   
    VRAM:     3001 MB
    Driver:   23.20.16.4973
Initialize mono
Mono path[0] = 'C:/Program Files/Unity/Hub/Editor/2020.3.20f1/Editor/Data/Managed'
Mono path[1] = 'C:/Program Files/Unity/Hub/Editor/2020.3.20f1/Editor/Data/MonoBleedingEdge/lib/mono/unityjit'
Mono config path = 'C:/Program Files/Unity/Hub/Editor/2020.3.20f1/Editor/Data/MonoBleedingEdge/etc'
Using monoOptions --debugger-agent=transport=dt_socket,embedding=1,server=y,suspend=n,address=127.0.0.1:56864
Begin MonoManager ReloadAssembly
Registering precompiled unity dll's ...
Register platform support module: C:/Program Files/Unity/Hub/Editor/2020.3.20f1/Editor/Data/PlaybackEngines/WindowsStandaloneSupport/UnityEditor.WindowsStandalone.Extensions.dll
Registered in 0.004190 seconds.
Native extension for WindowsStandalone target not found
Refreshing native plugins compatible for Editor in 49.90 ms, found 2 plugins.
Preloading 0 native plugins for Editor in 0.00 ms.
Mono: successfully reloaded assembly
- Completed reload, in  1.877 seconds
Domain Reload Profiling:
	ReloadAssembly (1877ms)
		BeginReloadAssembly (111ms)
			ExecutionOrderSort (0ms)
			DisableScriptedObjects (0ms)
			BackupInstance (0ms)
			ReleaseScriptingObjects (0ms)
			CreateAndSetChildDomain (1ms)
		EndReloadAssembly (693ms)
			LoadAssemblies (105ms)
			RebuildTransferFunctionScriptingTraits (0ms)
			SetupTypeCache (246ms)
			ReleaseScriptCaches (0ms)
			RebuildScriptCaches (45ms)
			SetupLoadedEditorAssemblies (289ms)
				LogAssemblyErrors (0ms)
				InitializePlatformSupportModulesInManaged (6ms)
				SetLoadedEditorAssemblies (0ms)
				RefreshPlugins (50ms)
				BeforeProcessingInitializeOnLoad (19ms)
				ProcessInitializeOnLoadAttributes (173ms)
				ProcessInitializeOnLoadMethodAttributes (40ms)
				AfterProcessingInitializeOnLoad (0ms)
				EditorAssembliesLoaded (0ms)
			ExecutionOrderSort2 (0ms)
			AwakeInstancesAfterBackupRestoration (0ms)
Platform modules already initialized, skipping
Registering precompiled user dll's ...
Registered in 0.007273 seconds.
Begin MonoManager ReloadAssembly
Native extension for WindowsStandalone target not found
Refreshing native plugins compatible for Editor in 0.44 ms, found 2 plugins.
Preloading 0 native plugins for Editor in 0.00 ms.
Mono: successfully reloaded assembly
- Completed reload, in  1.900 seconds
Domain Reload Profiling:
	ReloadAssembly (1901ms)
		BeginReloadAssembly (234ms)
			ExecutionOrderSort (0ms)
			DisableScriptedObjects (6ms)
			BackupInstance (0ms)
			ReleaseScriptingObjects (0ms)
			CreateAndSetChildDomain (26ms)
		EndReloadAssembly (1558ms)
			LoadAssemblies (153ms)
			RebuildTransferFunctionScriptingTraits (0ms)
			SetupTypeCache (440ms)
			ReleaseScriptCaches (1ms)
			RebuildScriptCaches (66ms)
			SetupLoadedEditorAssemblies (775ms)
				LogAssemblyErrors (0ms)
				InitializePlatformSupportModulesInManaged (8ms)
				SetLoadedEditorAssemblies (1ms)
				RefreshPlugins (1ms)
				BeforeProcessingInitializeOnLoad (154ms)
				ProcessInitializeOnLoadAttributes (586ms)
				ProcessInitializeOnLoadMethodAttributes (6ms)
				AfterProcessingInitializeOnLoad (20ms)
				EditorAssembliesLoaded (0ms)
			ExecutionOrderSort2 (0ms)
			AwakeInstancesAfterBackupRestoration (10ms)
Platform modules already initialized, skipping
========================================================================
Worker process is ready to serve import requests
Launched and connected shader compiler UnityShaderCompiler.exe after 0.18 seconds
Refreshing native plugins compatible for Editor in 0.58 ms, found 2 plugins.
Preloading 0 native plugins for Editor in 0.00 ms.
Unloading 1399 Unused Serialized files (Serialized files now loaded: 0)
System memory in use before: 64.8 MB.
System memory in use after: 64.9 MB.

Unloading 16 unused Assets to reduce memory usage. Loaded Objects now: 1834.
Total: 6.168900 ms (FindLiveObjects: 0.264500 ms CreateObjectMapping: 0.101800 ms MarkObjects: 5.678200 ms  DeleteObjects: 0.121600 ms)

AssetImportParameters requested are different than current active one (requested -> active):
  custom:framework-win-MediaFoundation: 216162199b28c13a410421893ffa2e32 -> 
  custom:video-decoder-ogg-theora: a1e56fd34408186e4bbccfd4996cb3dc -> 
  custom:container-muxer-webm: aa71ff27fc2769a1b78a27578f13a17b -> 
  custom:container-demuxer-webm: 4f35f7cbe854078d1ac9338744f61a02 -> 
  custom:container-demuxer-ogg: 62fdf1f143b41e24485cea50d1cbac27 -> 
  custom:video-encoder-webm-vp8: eb34c28f22e8b96e1ab97ce403110664 -> 
  custom:video-decoder-webm-vp8: 9c59270c3fd7afecdb556c50c9e8de78 -> 
  custom:audio-decoder-ogg-vorbis: bf7c407c2cedff20999df2af8eb42d56 -> 
  custom:audio-encoder-webm-vorbis: bf7c407c2cedff20999df2af8eb42d56 -> 
========================================================================
Received Import Request.
  path: Assets
  artifactKey: Guid(00000000000000001000000000000000) Importer(815301076,1909f56bfc062723c751e8b465ee728b)
Start importing Assets using Guid(00000000000000001000000000000000) Importer(815301076,1909f56bfc062723c751e8b465ee728b)  -> (artifact id: '42d402b061de3733987d63b9cc3b64de') in 0.049847 seconds 
  Import took 0.080248 seconds .

========================================================================
Received Import Request.
  Time since last request: 0.000690 seconds.
  path: Assets/Prefabs
  artifactKey: Guid(12b92793c43b8b94d8a4d99bc314c6be) Importer(815301076,1909f56bfc062723c751e8b465ee728b)
Start importing Assets/Prefabs using Guid(12b92793c43b8b94d8a4d99bc314c6be) Importer(815301076,1909f56bfc062723c751e8b465ee728b)  -> (artifact id: '0568c11db88c2efb587f33b4ca256349') in 0.014100 seconds 
  Import took 0.046155 seconds .

========================================================================
Received Import Request.
  Time since last request: 3.812439 seconds.
  path: Assets/Scripts
  artifactKey: Guid(de19c327ed56308468da3f424f055771) Importer(815301076,1909f56bfc062723c751e8b465ee728b)
Start importing Assets/Scripts using Guid(de19c327ed56308468da3f424f055771) Importer(815301076,1909f56bfc062723c751e8b465ee728b)  -> (artifact id: '3caa7f96c396bb15a7b37f7f2e398ad3') in 0.008958 seconds 
  Import took 0.014661 seconds .

========================================================================
Received Import Request.
  Time since last request: 15.083744 seconds.
  path: Assets/Models
  artifactKey: Guid(c554e6d01a32901429e485d8f548e652) Importer(815301076,1909f56bfc062723c751e8b465ee728b)
Start importing Assets/Models using Guid(c554e6d01a32901429e485d8f548e652) Importer(815301076,1909f56bfc062723c751e8b465ee728b)  -> (artifact id: 'cc5d5e40357f8b2dd6c593b21071ef05') in 0.010393 seconds 
  Import took 0.017090 seconds .

========================================================================
Received Import Request.
  Time since last request: 24.784305 seconds.
  path: Assets/Scenes
  artifactKey: Guid(21dafbdd678af62478379e21250b1b29) Importer(815301076,1909f56bfc062723c751e8b465ee728b)
Start importing Assets/Scenes using Guid(21dafbdd678af62478379e21250b1b29) Importer(815301076,1909f56bfc062723c751e8b465ee728b)  -> (artifact id: '445ce77cc40188e7d04dbb2d58d8f1f1') in 0.019107 seconds 
  Import took 0.036973 seconds .

========================================================================
Received Import Request.
  Time since last request: 3.431476 seconds.
  path: Assets/Scenes/SampleScene.unity
  artifactKey: Guid(9fc0d4010bbf28b4594072e72b8655ab) Importer(815301076,1909f56bfc062723c751e8b465ee728b)
Start importing Assets/Scenes/SampleScene.unity using Guid(9fc0d4010bbf28b4594072e72b8655ab) Importer(815301076,1909f56bfc062723c751e8b465ee728b)  -> (artifact id: '85059f4f9e1a832ed95adaa0d25c5c4c') in 0.045143 seconds 
  Import took 0.059159 seconds .

========================================================================
Received Import Request.
  Time since last request: 6.581436 seconds.
  path: Assets/Scenes/menu.unity
  artifactKey: Guid(9fc0d4010bbf28b4594072e72b8655ab) Importer(815301076,1909f56bfc062723c751e8b465ee728b)
Start importing Assets/Scenes/menu.unity using Guid(9fc0d4010bbf28b4594072e72b8655ab) Importer(815301076,1909f56bfc062723c751e8b465ee728b)  -> (artifact id: '5edd81e0041c4b887ea3499e9a0abdd7') in 0.016386 seconds 
  Import took 0.056433 seconds .

========================================================================
Received Import Request.
  Time since last request: 9.915726 seconds.
  path: Assets/Scenes/creditos.unity
  artifactKey: Guid(eacfaab69f708224a82afea2ac75903e) Importer(815301076,1909f56bfc062723c751e8b465ee728b)
Start importing Assets/Scenes/creditos.unity using Guid(eacfaab69f708224a82afea2ac75903e) Importer(815301076,1909f56bfc062723c751e8b465ee728b)  -> (artifact id: 'ac389c008d00e666b571a27e8deb7b74') in 0.008146 seconds 
  Import took 0.013236 seconds .

========================================================================
Received Import Request.
  Time since last request: 11.124707 seconds.
  path: Assets/Scenes/instrucciones.unity
  artifactKey: Guid(80c31673aa772df4bb5794463b7abc23) Importer(815301076,1909f56bfc062723c751e8b465ee728b)
Start importing Assets/Scenes/instrucciones.unity using Guid(80c31673aa772df4bb5794463b7abc23) Importer(815301076,1909f56bfc062723c751e8b465ee728b)  -> (artifact id: '98df7ef9d597ad7b7f55f95aacffa866') in 0.009108 seconds 
  Import took 0.037458 seconds .

========================================================================
Received Import Request.
  Time since last request: 11.347656 seconds.
  path: Assets/Scenes/juego.unity
  artifactKey: Guid(78d4cdbea46ff4545ad20a178f4bd65a) Importer(815301076,1909f56bfc062723c751e8b465ee728b)
Start importing Assets/Scenes/juego.unity using Guid(78d4cdbea46ff4545ad20a178f4bd65a) Importer(815301076,1909f56bfc062723c751e8b465ee728b)  -> (artifact id: 'ee82331ad075c581a6e277e17276f72b') in 0.008753 seconds 
  Import took 0.029123 seconds .

